#
# There is insufficient memory for the Java Runtime Environment to continue.
# Native memory allocation (malloc) failed to allocate 32744 bytes for ChunkPool::allocate
# Possible reasons:
#   The system is out of physical RAM or swap space
#   In 32 bit mode, the process size limit was hit
# Possible solutions:
#   Reduce memory load on the system
#   Increase physical memory or swap space
#   Check if swap backing store is full
#   Use 64 bit Java on a 64 bit OS
#   Decrease Java heap size (-Xmx/-Xms)
#   Decrease number of Java threads
#   Decrease Java thread stack sizes (-Xss)
#   Set larger code cache with -XX:ReservedCodeCacheSize=
# This output file may be truncated or incomplete.
#
#  Out of Memory Error (allocation.cpp:273), pid=8588, tid=0x00000000000005a4
#
# JRE version: OpenJDK Runtime Environment (8.0_152-b01) (build 1.8.0_152-release-915-b01)
# Java VM: OpenJDK 64-Bit Server VM (25.152-b01 mixed mode windows-amd64 compressed oops)
# Failed to write core dump. Minidumps are not enabled by default on client versions of Windows
#

---------------  T H R E A D  ---------------

Current thread (0x00000000180eb800):  JavaThread "C2 CompilerThread0" daemon [_thread_in_native, id=1444, stack(0x0000000019120000,0x0000000019220000)]

Stack: [0x0000000019120000,0x0000000019220000]
[error occurred during error reporting (printing stack bounds), id 0xc0000005]

Native frames: (J=compiled Java code, j=interpreted, Vv=VM code, C=native code)


Current CompileTask:
C2:  75622 6998       4       java.security.SecureClassLoader::defineClass (16 bytes)


---------------  P R O C E S S  ---------------

Java Threads: ( => current thread )
  0x000000001a73f000 JavaThread "File lock request listener" [_thread_in_native, id=9436, stack(0x000000001d8e0000,0x000000001d9e0000)]
  0x000000001a6f6800 JavaThread "Asynchronous log dispatcher for DefaultDaemonConnection: socket connection from /127.0.0.1:65359 to /127.0.0.1:65360" [_thread_blocked, id=2544, stack(0x000000001c230000,0x000000001c330000)]
  0x000000001a6ab800 JavaThread "Daemon worker" [_thread_in_vm, id=1056, stack(0x000000001c130000,0x000000001c230000)]
  0x000000001a6ab000 JavaThread "Cancel handler" [_thread_blocked, id=8472, stack(0x000000001c030000,0x000000001c130000)]
  0x0000000019593000 JavaThread "pool-1-thread-1" [_thread_blocked, id=7044, stack(0x000000001bf30000,0x000000001c030000)]
  0x0000000019aa2800 JavaThread "Handler for socket connection from /127.0.0.1:65359 to /127.0.0.1:65360" [_thread_in_native, id=1136, stack(0x000000001be30000,0x000000001bf30000)]
  0x0000000019d86000 JavaThread "Daemon" [_thread_blocked, id=4564, stack(0x000000001bd30000,0x000000001be30000)]
  0x000000001a5b9000 JavaThread "Incoming local TCP Connector on port 65359" [_thread_in_native, id=7204, stack(0x000000001b630000,0x000000001b730000)]
  0x0000000018127800 JavaThread "Service Thread" daemon [_thread_blocked, id=1124, stack(0x0000000019320000,0x0000000019420000)]
  0x00000000180ee800 JavaThread "C1 CompilerThread1" daemon [_thread_in_native, id=10724, stack(0x0000000019220000,0x0000000019320000)]
=>0x00000000180eb800 JavaThread "C2 CompilerThread0" daemon [_thread_in_native, id=1444, stack(0x0000000019120000,0x0000000019220000)]
  0x00000000180e7000 JavaThread "Attach Listener" daemon [_thread_blocked, id=10168, stack(0x0000000019020000,0x0000000019120000)]
  0x00000000180e4000 JavaThread "Signal Dispatcher" daemon [_thread_blocked, id=6576, stack(0x0000000018f20000,0x0000000019020000)]
  0x00000000180cf000 JavaThread "Finalizer" daemon [_thread_blocked, id=10064, stack(0x0000000018d20000,0x0000000018e20000)]
  0x00000000180a4800 JavaThread "Reference Handler" daemon [_thread_blocked, id=8104, stack(0x0000000018c20000,0x0000000018d20000)]
  0x00000000047be000 JavaThread "main" [_thread_blocked, id=2364, stack(0x00000000047c0000,0x00000000048c0000)]

Other Threads:
  0x000000001809e000 VMThread [stack: 0x0000000018b20000,0x0000000018c20000] [id=7792]
  0x000000001812a000 WatcherThread [stack: 0x0000000019420000,0x0000000019520000] [id=9696]

VM state:not at safepoint (normal execution)

VM Mutex/Monitor currently owned by a thread: None

Heap:
 PSYoungGen      total 76800K, used 67072K [0x00000000e0000000, 0x00000000e5780000, 0x0000000100000000)
  eden space 67072K, 100% used [0x00000000e0000000,0x00000000e4180000,0x00000000e4180000)
  from space 9728K, 0% used [0x00000000e4b00000,0x00000000e4b00000,0x00000000e5480000)
  to   space 9728K, 0% used [0x00000000e4180000,0x00000000e4180000,0x00000000e4b00000)
 ParOldGen       total 72192K, used 37626K [0x00000000a0000000, 0x00000000a4680000, 0x00000000e0000000)
  object space 72192K, 52% used [0x00000000a0000000,0x00000000a24be948,0x00000000a4680000)
 Metaspace       used 58364K, capacity 60388K, committed 60672K, reserved 1101824K
  class space    used 7809K, capacity 8330K, committed 8448K, reserved 1048576K

Card table byte_map: [0x0000000013d80000,0x0000000014090000] byte_map_base: 0x0000000013880000

Marking Bits: (ParMarkBitMap*) 0x0000000076b93950
 Begin Bits: [0x0000000014490000, 0x0000000015c90000)
 End Bits:   [0x0000000015c90000, 0x0000000017490000)

Polling page: 0x0000000002da0000

CodeCache: size=245760Kb used=23402Kb max_used=23555Kb free=222357Kb
 bounds [0x00000000049c0000, 0x00000000060e0000, 0x00000000139c0000]
 total_blobs=7220 nmethods=6430 adapters=703
 compilation: enabled

Compilation events (10 events):
Event: 75.471 Thread 0x00000000180ee800 7092       3       java.util.Collections$SetFromMap::contains (11 bytes)
Event: 75.472 Thread 0x00000000180ee800 nmethod 7092 0x00000000060d2ed0 code [0x00000000060d3040, 0x00000000060d3268]
Event: 75.482 Thread 0x00000000180ee800 7094       2       groovyjarjarasm.asm.MethodWriter::<init> (268 bytes)
Event: 75.483 Thread 0x00000000180ee800 nmethod 7094 0x00000000060d3310 code [0x00000000060d34e0, 0x00000000060d3c08]
Event: 75.484 Thread 0x00000000180ee800 7095       2       groovyjarjarasm.asm.MethodWriter::visitEnd (1 bytes)
Event: 75.484 Thread 0x00000000180ee800 nmethod 7095 0x0000000004b05150 code [0x0000000004b052a0, 0x0000000004b053f0]
Event: 75.498 Thread 0x00000000180ee800 7096       2       org.codehaus.groovy.runtime.callsite.AbstractCallSite::noWrappers (27 bytes)
Event: 75.499 Thread 0x00000000180ee800 nmethod 7096 0x0000000004c01ed0 code [0x0000000004c02040, 0x0000000004c02250]
Event: 75.499 Thread 0x00000000180ee800 7097       2       org.codehaus.groovy.runtime.callsite.AbstractCallSite::noCoerce (54 bytes)
Event: 75.500 Thread 0x00000000180ee800 nmethod 7097 0x0000000004b8d910 code [0x0000000004b8daa0, 0x0000000004b8dd38]

GC Heap History (10 events):
Event: 68.794 GC heap before
{Heap before GC invocations=25 (full 2):
 PSYoungGen      total 66048K, used 62756K [0x00000000e0000000, 0x00000000e4900000, 0x0000000100000000)
  eden space 59392K, 100% used [0x00000000e0000000,0x00000000e3a00000,0x00000000e3a00000)
  from space 6656K, 50% used [0x00000000e4280000,0x00000000e45c9000,0x00000000e4900000)
  to   space 7680K, 0% used [0x00000000e3a00000,0x00000000e3a00000,0x00000000e4180000)
 ParOldGen       total 39424K, used 22836K [0x00000000a0000000, 0x00000000a2680000, 0x00000000e0000000)
  object space 39424K, 57% used [0x00000000a0000000,0x00000000a164d298,0x00000000a2680000)
 Metaspace       used 51971K, capacity 53150K, committed 53504K, reserved 1095680K
  class space    used 6740K, capacity 7072K, committed 7168K, reserved 1048576K
Event: 68.805 GC heap after
Heap after GC invocations=25 (full 2):
 PSYoungGen      total 63488K, used 6114K [0x00000000e0000000, 0x00000000e4800000, 0x0000000100000000)
  eden space 57344K, 0% used [0x00000000e0000000,0x00000000e0000000,0x00000000e3800000)
  from space 6144K, 99% used [0x00000000e3a00000,0x00000000e3ff8968,0x00000000e4000000)
  to   space 8192K, 0% used [0x00000000e4000000,0x00000000e4000000,0x00000000e4800000)
 ParOldGen       total 39424K, used 23905K [0x00000000a0000000, 0x00000000a2680000, 0x00000000e0000000)
  object space 39424K, 60% used [0x00000000a0000000,0x00000000a17587e0,0x00000000a2680000)
 Metaspace       used 51971K, capacity 53150K, committed 53504K, reserved 1095680K
  class space    used 6740K, capacity 7072K, committed 7168K, reserved 1048576K
}
Event: 71.673 GC heap before
{Heap before GC invocations=26 (full 2):
 PSYoungGen      total 63488K, used 63458K [0x00000000e0000000, 0x00000000e4800000, 0x0000000100000000)
  eden space 57344K, 100% used [0x00000000e0000000,0x00000000e3800000,0x00000000e3800000)
  from space 6144K, 99% used [0x00000000e3a00000,0x00000000e3ff8968,0x00000000e4000000)
  to   space 8192K, 0% used [0x00000000e4000000,0x00000000e4000000,0x00000000e4800000)
 ParOldGen       total 39424K, used 23905K [0x00000000a0000000, 0x00000000a2680000, 0x00000000e0000000)
  object space 39424K, 60% used [0x00000000a0000000,0x00000000a17587e0,0x00000000a2680000)
 Metaspace       used 54821K, capacity 56456K, committed 56576K, reserved 1097728K
  class space    used 7212K, capacity 7613K, committed 7680K, reserved 1048576K
Event: 71.693 GC heap after
Heap after GC invocations=26 (full 2):
 PSYoungGen      total 65024K, used 6405K [0x00000000e0000000, 0x00000000e5580000, 0x0000000100000000)
  eden space 56832K, 0% used [0x00000000e0000000,0x00000000e0000000,0x00000000e3780000)
  from space 8192K, 78% used [0x00000000e4000000,0x00000000e4641630,0x00000000e4800000)
  to   space 8704K, 0% used [0x00000000e3780000,0x00000000e3780000,0x00000000e4000000)
 ParOldGen       total 39424K, used 26882K [0x00000000a0000000, 0x00000000a2680000, 0x00000000e0000000)
  object space 39424K, 68% used [0x00000000a0000000,0x00000000a1a40888,0x00000000a2680000)
 Metaspace       used 54821K, capacity 56456K, committed 56576K, reserved 1097728K
  class space    used 7212K, capacity 7613K, committed 7680K, reserved 1048576K
}
Event: 74.031 GC heap before
{Heap before GC invocations=27 (full 2):
 PSYoungGen      total 65024K, used 63237K [0x00000000e0000000, 0x00000000e5580000, 0x0000000100000000)
  eden space 56832K, 100% used [0x00000000e0000000,0x00000000e3780000,0x00000000e3780000)
  from space 8192K, 78% used [0x00000000e4000000,0x00000000e4641630,0x00000000e4800000)
  to   space 8704K, 0% used [0x00000000e3780000,0x00000000e3780000,0x00000000e4000000)
 ParOldGen       total 39424K, used 26882K [0x00000000a0000000, 0x00000000a2680000, 0x00000000e0000000)
  object space 39424K, 68% used [0x00000000a0000000,0x00000000a1a40888,0x00000000a2680000)
 Metaspace       used 57177K, capacity 58864K, committed 59008K, reserved 1099776K
  class space    used 7588K, capacity 7994K, committed 8064K, reserved 1048576K
Event: 74.049 GC heap after
Heap after GC invocations=27 (full 2):
 PSYoungGen      total 65536K, used 8027K [0x00000000e0000000, 0x00000000e5480000, 0x0000000100000000)
  eden space 56832K, 0% used [0x00000000e0000000,0x00000000e0000000,0x00000000e3780000)
  from space 8704K, 92% used [0x00000000e3780000,0x00000000e3f56f20,0x00000000e4000000)
  to   space 9728K, 0% used [0x00000000e4b00000,0x00000000e4b00000,0x00000000e5480000)
 ParOldGen       total 39424K, used 31764K [0x00000000a0000000, 0x00000000a2680000, 0x00000000e0000000)
  object space 39424K, 80% used [0x00000000a0000000,0x00000000a1f050b8,0x00000000a2680000)
 Metaspace       used 57177K, capacity 58864K, committed 59008K, reserved 1099776K
  class space    used 7588K, capacity 7994K, committed 8064K, reserved 1048576K
}
Event: 74.332 GC heap before
{Heap before GC invocations=28 (full 2):
 PSYoungGen      total 65536K, used 15978K [0x00000000e0000000, 0x00000000e5480000, 0x0000000100000000)
  eden space 56832K, 13% used [0x00000000e0000000,0x00000000e07c3c48,0x00000000e3780000)
  from space 8704K, 92% used [0x00000000e3780000,0x00000000e3f56f20,0x00000000e4000000)
  to   space 9728K, 0% used [0x00000000e4b00000,0x00000000e4b00000,0x00000000e5480000)
 ParOldGen       total 39424K, used 31764K [0x00000000a0000000, 0x00000000a2680000, 0x00000000e0000000)
  object space 39424K, 80% used [0x00000000a0000000,0x00000000a1f050b8,0x00000000a2680000)
 Metaspace       used 57358K, capacity 59102K, committed 59160K, reserved 1099776K
  class space    used 7630K, capacity 8064K, committed 8064K, reserved 1048576K
Event: 74.344 GC heap after
Heap after GC invocations=28 (full 2):
 PSYoungGen      total 76800K, used 640K [0x00000000e0000000, 0x00000000e5780000, 0x0000000100000000)
  eden space 67072K, 0% used [0x00000000e0000000,0x00000000e0000000,0x00000000e4180000)
  from space 9728K, 6% used [0x00000000e4b00000,0x00000000e4ba0000,0x00000000e5480000)
  to   space 9728K, 0% used [0x00000000e4180000,0x00000000e4180000,0x00000000e4b00000)
 ParOldGen       total 39424K, used 38150K [0x00000000a0000000, 0x00000000a2680000, 0x00000000e0000000)
  object space 39424K, 96% used [0x00000000a0000000,0x00000000a2541a10,0x00000000a2680000)
 Metaspace       used 57358K, capacity 59102K, committed 59160K, reserved 1099776K
  class space    used 7630K, capacity 8064K, committed 8064K, reserved 1048576K
}
Event: 74.344 GC heap before
{Heap before GC invocations=29 (full 3):
 PSYoungGen      total 76800K, used 640K [0x00000000e0000000, 0x00000000e5780000, 0x0000000100000000)
  eden space 67072K, 0% used [0x00000000e0000000,0x00000000e0000000,0x00000000e4180000)
  from space 9728K, 6% used [0x00000000e4b00000,0x00000000e4ba0000,0x00000000e5480000)
  to   space 9728K, 0% used [0x00000000e4180000,0x00000000e4180000,0x00000000e4b00000)
 ParOldGen       total 39424K, used 38150K [0x00000000a0000000, 0x00000000a2680000, 0x00000000e0000000)
  object space 39424K, 96% used [0x00000000a0000000,0x00000000a2541a10,0x00000000a2680000)
 Metaspace       used 57358K, capacity 59102K, committed 59160K, reserved 1099776K
  class space    used 7630K, capacity 8064K, committed 8064K, reserved 1048576K
Event: 74.698 GC heap after
Heap after GC invocations=29 (full 3):
 PSYoungGen      total 76800K, used 0K [0x00000000e0000000, 0x00000000e5780000, 0x0000000100000000)
  eden space 67072K, 0% used [0x00000000e0000000,0x00000000e0000000,0x00000000e4180000)
  from space 9728K, 0% used [0x00000000e4b00000,0x00000000e4b00000,0x00000000e5480000)
  to   space 9728K, 0% used [0x00000000e4180000,0x00000000e4180000,0x00000000e4b00000)
 ParOldGen       total 72192K, used 37626K [0x00000000a0000000, 0x00000000a4680000, 0x00000000e0000000)
  object space 72192K, 52% used [0x00000000a0000000,0x00000000a24be948,0x00000000a4680000)
 Metaspace       used 57331K, capacity 59014K, committed 59160K, reserved 1099776K
  class space    used 7622K, capacity 8056K, committed 8064K, reserved 1048576K
}

Deoptimization events (10 events):
Event: 74.802 Thread 0x000000001a6ab800 Uncommon trap: reason=array_check action=maybe_recompile pc=0x0000000005ffb4ec method=java.util.AbstractCollection.toArray([Ljava/lang/Object;)[Ljava/lang/Object; @ 119
Event: 74.803 Thread 0x000000001a6ab800 Uncommon trap: reason=array_check action=maybe_recompile pc=0x0000000005ffb4ec method=java.util.AbstractCollection.toArray([Ljava/lang/Object;)[Ljava/lang/Object; @ 119
Event: 74.959 Thread 0x000000001a6ab800 Uncommon trap: reason=array_check action=maybe_recompile pc=0x0000000005ffb4ec method=java.util.AbstractCollection.toArray([Ljava/lang/Object;)[Ljava/lang/Object; @ 119
Event: 74.960 Thread 0x000000001a6ab800 Uncommon trap: reason=array_check action=maybe_recompile pc=0x0000000005ffb4ec method=java.util.AbstractCollection.toArray([Ljava/lang/Object;)[Ljava/lang/Object; @ 119
Event: 74.973 Thread 0x000000001a6ab800 Uncommon trap: reason=unstable_if action=reinterpret pc=0x0000000005fdcf18 method=groovy.lang.MetaClassImpl.checkIfStdMethod(Lgroovy/lang/MetaMethod;)V @ 167
Event: 74.981 Thread 0x000000001a6ab800 Uncommon trap: reason=class_check action=maybe_recompile pc=0x0000000004d96e54 method=groovy.lang.MetaMethod.isStatic()Z @ 1
Event: 74.981 Thread 0x000000001a6ab800 Uncommon trap: reason=class_check action=maybe_recompile pc=0x0000000004d96e54 method=groovy.lang.MetaMethod.isStatic()Z @ 1
Event: 74.981 Thread 0x000000001a6ab800 Uncommon trap: reason=class_check action=maybe_recompile pc=0x0000000004d96e54 method=groovy.lang.MetaMethod.isStatic()Z @ 1
Event: 74.981 Thread 0x000000001a6ab800 Uncommon trap: reason=class_check action=maybe_recompile pc=0x0000000004d96e54 method=groovy.lang.MetaMethod.isStatic()Z @ 1
Event: 75.050 Thread 0x000000001a6ab800 Uncommon trap: reason=unloaded action=reinterpret pc=0x0000000005fa32c4 method=sun.reflect.generics.factory.CoreReflectionFactory.makeNamedType(Ljava/lang/String;)Ljava/lang/reflect/Type; @ 11

Classes redefined (0 events):
No events

Internal exceptions (10 events):
Event: 75.470 Thread 0x000000001a6ab800 Exception <a 'java/lang/ClassNotFoundException': org/gradle/api/internal/tasks/DefaultTaskContainer_DecoratedCustomizer> (0x00000000e3b6fcc0) thrown at [D:\src\AOSP-openjdk-cygwin\jdk8u\hotspot\src\share\vm\classfile\systemDictionary.cpp, line 210]
Event: 75.480 Thread 0x000000001a6ab800 Exception <a 'java/lang/ClassNotFoundException': java/util/TreeMapBeanInfo> (0x00000000e3be9d98) thrown at [D:\src\AOSP-openjdk-cygwin\jdk8u\hotspot\src\share\vm\classfile\systemDictionary.cpp, line 210]
Event: 75.481 Thread 0x000000001a6ab800 Exception <a 'java/lang/ClassNotFoundException': java/util/TreeMapCustomizer> (0x00000000e3bf0520) thrown at [D:\src\AOSP-openjdk-cygwin\jdk8u\hotspot\src\share\vm\classfile\systemDictionary.cpp, line 210]
Event: 75.485 Thread 0x000000001a6ab800 Exception <a 'java/lang/ClassNotFoundException': java/util/TreeMap$EntrySetBeanInfo> (0x00000000e3c3d870) thrown at [D:\src\AOSP-openjdk-cygwin\jdk8u\hotspot\src\share\vm\classfile\systemDictionary.cpp, line 210]
Event: 75.486 Thread 0x000000001a6ab800 Exception <a 'java/lang/ClassNotFoundException': java/util/TreeMap$EntrySetCustomizer> (0x00000000e3c44d48) thrown at [D:\src\AOSP-openjdk-cygwin\jdk8u\hotspot\src\share\vm\classfile\systemDictionary.cpp, line 210]
Event: 75.497 Thread 0x000000001a6ab800 Exception <a 'java/lang/ClassNotFoundException': java/util/TreeMap$EntryBeanInfo> (0x00000000e3c7a038) thrown at [D:\src\AOSP-openjdk-cygwin\jdk8u\hotspot\src\share\vm\classfile\systemDictionary.cpp, line 210]
Event: 75.497 Thread 0x000000001a6ab800 Exception <a 'java/lang/ClassNotFoundException': java/util/TreeMap$EntryCustomizer> (0x00000000e3c80e70) thrown at [D:\src\AOSP-openjdk-cygwin\jdk8u\hotspot\src\share\vm\classfile\systemDictionary.cpp, line 210]
Event: 75.501 Thread 0x000000001a6ab800 Exception <a 'java/lang/ClassNotFoundException': org/gradle/api/JavaVersionBeanInfo> (0x00000000e3caf4d0) thrown at [D:\src\AOSP-openjdk-cygwin\jdk8u\hotspot\src\share\vm\classfile\systemDictionary.cpp, line 210]
Event: 75.502 Thread 0x000000001a6ab800 Exception <a 'java/lang/ClassNotFoundException': java/lang/EnumBeanInfo> (0x00000000e3cb57f0) thrown at [D:\src\AOSP-openjdk-cygwin\jdk8u\hotspot\src\share\vm\classfile\systemDictionary.cpp, line 210]
Event: 75.502 Thread 0x000000001a6ab800 Exception <a 'java/lang/ClassNotFoundException': java/lang/EnumCustomizer> (0x00000000e3cbc0c0) thrown at [D:\src\AOSP-openjdk-cygwin\jdk8u\hotspot\src\share\vm\classfile\systemDictionary.cpp, line 210]

Events (10 events):
Event: 75.501 loading class java/lang/EnumBeanInfo
Event: 75.501 loading class java/lang/EnumBeanInfo done
Event: 75.502 loading class java/lang/EnumBeanInfo
Event: 75.502 loading class java/lang/EnumBeanInfo done
Event: 75.502 loading class java/lang/EnumCustomizer
Event: 75.502 loading class java/lang/EnumCustomizer done
Event: 75.502 loading class java/lang/EnumCustomizer
Event: 75.502 loading class java/lang/EnumCustomizer done
Event: 75.502 loading class org/gradle/api/JavaVersionCustomizer
Event: 75.502 loading class org/gradle/api/JavaVersionCustomizer done


Dynamic libraries:
0x00007ff685b70000 - 0x00007ff685ba1000 	C:\Program Files\Android\Android Studio\jre\bin\java.exe
0x00007ff9489a0000 - 0x00007ff948b80000 	C:\WINDOWS\SYSTEM32\ntdll.dll
0x00007ff948850000 - 0x00007ff9488fe000 	C:\WINDOWS\System32\KERNEL32.DLL
0x00007ff944d80000 - 0x00007ff944fe6000 	C:\WINDOWS\System32\KERNELBASE.dll
0x00007ff946570000 - 0x00007ff946611000 	C:\WINDOWS\System32\ADVAPI32.dll
0x00007ff9462f0000 - 0x00007ff94638d000 	C:\WINDOWS\System32\msvcrt.dll
0x00007ff9463c0000 - 0x00007ff94641b000 	C:\WINDOWS\System32\sechost.dll
0x00007ff946450000 - 0x00007ff94656f000 	C:\WINDOWS\System32\RPCRT4.dll
0x00007ff946630000 - 0x00007ff9467bf000 	C:\WINDOWS\System32\USER32.dll
0x00007ff945c10000 - 0x00007ff945c30000 	C:\WINDOWS\System32\win32u.dll
0x00007ff946c40000 - 0x00007ff946c68000 	C:\WINDOWS\System32\GDI32.dll
0x00007ff944ff0000 - 0x00007ff945183000 	C:\WINDOWS\System32\gdi32full.dll
0x00007ff945b70000 - 0x00007ff945c0b000 	C:\WINDOWS\System32\msvcp_win.dll
0x00007ff945a70000 - 0x00007ff945b66000 	C:\WINDOWS\System32\ucrtbase.dll
0x00007ff93b7e0000 - 0x00007ff93ba49000 	C:\WINDOWS\WinSxS\amd64_microsoft.windows.common-controls_6595b64144ccf1df_6.0.16299.125_none_15cbcf8893620c09\COMCTL32.dll
0x00007ff946930000 - 0x00007ff946c38000 	C:\WINDOWS\System32\combase.dll
0x00007ff9451f0000 - 0x00007ff945262000 	C:\WINDOWS\System32\bcryptPrimitives.dll
0x00007ff946390000 - 0x00007ff9463bd000 	C:\WINDOWS\System32\IMM32.DLL
0x0000000076210000 - 0x00000000762e2000 	C:\Program Files\Android\Android Studio\jre\jre\bin\msvcr100.dll
0x00000000763d0000 - 0x0000000076c0e000 	C:\Program Files\Android\Android Studio\jre\jre\bin\server\jvm.dll
0x00007ff9485e0000 - 0x00007ff9485e8000 	C:\WINDOWS\System32\PSAPI.DLL
0x00007ff93b110000 - 0x00007ff93b11a000 	C:\WINDOWS\SYSTEM32\VERSION.dll
0x00007ff9419a0000 - 0x00007ff9419c3000 	C:\WINDOWS\SYSTEM32\WINMM.dll
0x00007ff941940000 - 0x00007ff94196a000 	C:\WINDOWS\SYSTEM32\winmmbase.dll
0x00007ff945c30000 - 0x00007ff945c7a000 	C:\WINDOWS\System32\cfgmgr32.dll
0x00007ff937d50000 - 0x00007ff937d59000 	C:\WINDOWS\SYSTEM32\WSOCK32.dll
0x00007ff948900000 - 0x00007ff94896c000 	C:\WINDOWS\System32\ws2_32.DLL
0x00007ff941730000 - 0x00007ff94173f000 	C:\Program Files\Android\Android Studio\jre\jre\bin\verify.dll
0x00007ff93f450000 - 0x00007ff93f479000 	C:\Program Files\Android\Android Studio\jre\jre\bin\java.dll
0x00007ff93f530000 - 0x00007ff93f546000 	C:\Program Files\Android\Android Studio\jre\jre\bin\zip.dll
0x00007ff947140000 - 0x00007ff948576000 	C:\WINDOWS\System32\SHELL32.dll
0x00007ff946110000 - 0x00007ff9461b6000 	C:\WINDOWS\System32\shcore.dll
0x00007ff945270000 - 0x00007ff9459b7000 	C:\WINDOWS\System32\windows.storage.dll
0x00007ff9461c0000 - 0x00007ff946211000 	C:\WINDOWS\System32\shlwapi.dll
0x00007ff944d10000 - 0x00007ff944d21000 	C:\WINDOWS\System32\kernel.appcore.dll
0x00007ff944d30000 - 0x00007ff944d7c000 	C:\WINDOWS\System32\powrprof.dll
0x00007ff944cf0000 - 0x00007ff944d0b000 	C:\WINDOWS\System32\profapi.dll
0x00007ff93cb60000 - 0x00007ff93cb7a000 	C:\Program Files\Android\Android Studio\jre\jre\bin\net.dll
0x00007ff944560000 - 0x00007ff9445c6000 	C:\WINDOWS\system32\mswsock.dll
0x00007ff93b7c0000 - 0x00007ff93b7d1000 	C:\Program Files\Android\Android Studio\jre\jre\bin\nio.dll
0x00007ff93f5a0000 - 0x00007ff93f5be000 	C:\Users\Admin\.gradle\native\23\windows-amd64\native-platform.dll
0x00007ff944720000 - 0x00007ff944737000 	C:\WINDOWS\SYSTEM32\CRYPTSP.dll
0x00007ff944170000 - 0x00007ff9441a3000 	C:\WINDOWS\system32\rsaenh.dll
0x00007ff944830000 - 0x00007ff944855000 	C:\WINDOWS\SYSTEM32\bcrypt.dll
0x00007ff944c00000 - 0x00007ff944c29000 	C:\WINDOWS\SYSTEM32\USERENV.dll
0x00007ff944740000 - 0x00007ff94474b000 	C:\WINDOWS\SYSTEM32\CRYPTBASE.dll
0x00007ff9442f0000 - 0x00007ff944329000 	C:\WINDOWS\SYSTEM32\IPHLPAPI.DLL
0x00007ff946440000 - 0x00007ff946448000 	C:\WINDOWS\System32\NSI.dll
0x00007ff93cfa0000 - 0x00007ff93cfb6000 	C:\WINDOWS\SYSTEM32\dhcpcsvc6.DLL
0x00007ff93cf80000 - 0x00007ff93cf9a000 	C:\WINDOWS\SYSTEM32\dhcpcsvc.DLL
0x00007ff941540000 - 0x00007ff94154d000 	C:\Program Files\Android\Android Studio\jre\jre\bin\management.dll
0x00007ff93a730000 - 0x00007ff93a754000 	C:\Program Files\Android\Android Studio\jre\jre\bin\sunec.dll
0x00007ff944340000 - 0x00007ff9443f6000 	C:\WINDOWS\SYSTEM32\DNSAPI.dll
0x00007ff93c2e0000 - 0x00007ff93c2ea000 	C:\Windows\System32\rasadhlp.dll
0x00007ff93c300000 - 0x00007ff93c370000 	C:\WINDOWS\System32\fwpuclnt.dll
0x00007ff940550000 - 0x00007ff94055b000 	C:\Program Files\Android\Android Studio\jre\jre\bin\sunmscapi.dll
0x00007ff945c80000 - 0x00007ff945e4e000 	C:\WINDOWS\System32\CRYPT32.dll
0x00007ff944cd0000 - 0x00007ff944ce2000 	C:\WINDOWS\System32\MSASN1.dll

VM Arguments:
jvm_args: -Xmx1536m -Dfile.encoding=windows-1251 -Duser.country=RU -Duser.language=ru -Duser.variant 
java_command: org.gradle.launcher.daemon.bootstrap.GradleDaemon 3.3
java_class_path (initial): C:\Users\Admin\.gradle\wrapper\dists\gradle-3.3-all\55gk2rcmfc6p2dg9u9ohc3hw9\gradle-3.3\lib\gradle-launcher-3.3.jar
Launcher Type: SUN_STANDARD

Environment Variables:
PATH=C:\Program Files (x86)\Common Files\Intel\Shared Files\cpp\bin\Intel64;C:\WINDOWS\system32;C:\WINDOWS;C:\WINDOWS\System32\Wbem;C:\WINDOWS\System32\WindowsPowerShell\v1.0\;C:\Program Files (x86)\Common Files\Autodesk Shared\;C:\Program Files\Common Files\Autodesk Shared\;C:\Program Files (x86)\Autodesk\Backburner\;C:\WINDOWS\system32\config\systemprofile\.dnx\bin;C:\Program Files\Microsoft DNX\Dnvm\;C:\Program Files\Microsoft SQL Server\130\Tools\Binn\;C:\Program Files\Git\cmd;C:\Program Files\Android\Android Studio\jre\bin;C:\ProgramData\Oracle\Java\javapath;C:\Users\Admin\AppData\Local\Microsoft\WindowsApps;
USERNAME=Admin
OS=Windows_NT
PROCESSOR_IDENTIFIER=Intel64 Family 6 Model 58 Stepping 9, GenuineIntel



---------------  S Y S T E M  ---------------

OS: Windows 10.0 , 64 bit Build 16299 (10.0.16299.15)

CPU:total 2 (initial active 2) (2 cores per cpu, 1 threads per core) family 6 model 58 stepping 9, cmov, cx8, fxsr, mmx, sse, sse2, sse3, ssse3, sse4.1, sse4.2, popcnt, clmul, erms, tsc, tscinvbit, tscinv

Memory: 4k page, physical 4055840k(373876k free), swap 7201568k(1128k free)

vm_info: OpenJDK 64-Bit Server VM (25.152-b01) for windows-amd64 JRE (1.8.0_152-release-915-b01), built by "builder" with MS VC++ 10.0 (VS2010)

time: Mon Feb 12 12:05:38 2018
elapsed time: 75 seconds (0d 0h 1m 15s)

